<?xml version="1.0" encoding="UTF-8"?>
<testsuite xmlns:xsi="http://www.w3.org/2001/XMLSchema-instance" xsi:noNamespaceSchemaLocation="https://maven.apache.org/surefire/maven-surefire-plugin/xsd/surefire-test-report-3.0.xsd" version="3.0" name="com.exercicis.TestExercici0" time="0.104" tests="35" errors="0" skipped="0" failures="2">
  <properties>
[...]
</properties>
  <testcase name="testValidarFactors" classname="com.exercicis.TestExercici0" time="0.024"/>
  <testcase name="testValidarData" classname="com.exercicis.TestExercici0" time="0.001"/>
  <testcase name="testValidarEdat" classname="com.exercicis.TestExercici0" time="0.003"/>
  <testcase name="testValidarPreu" classname="com.exercicis.TestExercici0" time="0.002"/>
  <testcase name="testLlegirFactors" classname="com.exercicis.TestExercici0" time="0.006"/>
  <testcase name="testModificarOperacio" classname="com.exercicis.TestExercici0" time="0.001"/>
  <testcase name="testEsborrarClient" classname="com.exercicis.TestExercici0" time="0.002"/>
  <testcase name="testModificarClient" classname="com.exercicis.TestExercici0" time="0.0"/>
  <testcase name="testLlistarOperacions" classname="com.exercicis.TestExercici0" time="0.001"/>
  <testcase name="testTaulaOperacionsClient0" classname="com.exercicis.TestExercici0" time="0.002"/>
  <testcase name="testTaulaOperacionsClient1" classname="com.exercicis.TestExercici0" time="0.001"/>
  <testcase name="testTaulaOperacionsClient2" classname="com.exercicis.TestExercici0" time="0.001"/>
  <testcase name="testValidarTipusOperacio" classname="com.exercicis.TestExercici0" time="0.001"/>
  <testcase name="testValidarNom" classname="com.exercicis.TestExercici0" time="0.001"/>
  <testcase name="testObtenirOpcio" classname="com.exercicis.TestExercici0" time="0.004">
    <system-out><![CDATA[Selecciona una opció (número o paraula clau): Selecciona una opció (número o paraula clau): Selecciona una opció (número o paraula clau): Selecciona una opció (número o paraula clau): Selecciona una opció (número o paraula clau): Selecciona una opció (número o paraula clau): Selecciona una opció (número o paraula clau): Selecciona una opció (número o paraula clau): Selecciona una opció (número o paraula clau): Selecciona una opció (número o paraula clau): Selecciona una opció (número o paraula clau): Selecciona una opció (número o paraula clau): Selecciona una opció (número o paraula clau): Selecciona una opció (número o paraula clau): ]]></system-out>
  </testcase>
  <testcase name="testGeneraClauOperacio" classname="com.exercicis.TestExercici0" time="0.005"/>
  <testcase name="testDibuixarLlista" classname="com.exercicis.TestExercici0" time="0.001"/>
  <testcase name="testValidarDescompte" classname="com.exercicis.TestExercici0" time="0.001"/>
  <testcase name="testIsAllDigits" classname="com.exercicis.TestExercici0" time="0.002"/>
  <testcase name="testLlistarClientsMenu" classname="com.exercicis.TestExercici0" time="0.0"/>
  <testcase name="testValidarClients" classname="com.exercicis.TestExercici0" time="0.0"/>
  <testcase name="testLlistarOperacionsClient" classname="com.exercicis.TestExercici0" time="0.001"/>
  <testcase name="testLlegirDescompte" classname="com.exercicis.TestExercici0" time="0.001"/>
  <testcase name="testGetCadenesMenu" classname="com.exercicis.TestExercici0" time="0.0"/>
  <testcase name="testModificarClientMenu" classname="com.exercicis.TestExercici0" time="0.002"/>
  <testcase name="testLlegirNom" classname="com.exercicis.TestExercici0" time="0.001"/>
  <testcase name="testAfegirClient" classname="com.exercicis.TestExercici0" time="0.0"/>
  <testcase name="testEsborrarOperacio" classname="com.exercicis.TestExercici0" time="0.0"/>
  <testcase name="testAfegirClientMenu" classname="com.exercicis.TestExercici0" time="0.006">
    <failure message="Per l&apos;entrada &apos;123\nMaria\n15\n25\nempresa\nrisc baix\n15\n&apos;: L&apos;última línia no comença amb el text esperat ==&gt; expected: &lt;true&gt; but was: &lt;false&gt;" type="org.opentest4j.AssertionFailedError"><![CDATA[org.opentest4j.AssertionFailedError: Per l'entrada '123\nMaria\n15\n25\nempresa\nrisc baix\n15\n': L'última línia no comença amb el text esperat ==> expected: <true> but was: <false>
	at org.junit.jupiter.api.AssertionFailureBuilder.build(AssertionFailureBuilder.java:151)
	at org.junit.jupiter.api.AssertionFailureBuilder.buildAndThrow(AssertionFailureBuilder.java:132)
	at org.junit.jupiter.api.AssertTrue.failNotTrue(AssertTrue.java:63)
	at org.junit.jupiter.api.AssertTrue.assertTrue(AssertTrue.java:36)
	at org.junit.jupiter.api.Assertions.assertTrue(Assertions.java:214)
	at com.exercicis.TestExercici0.testAfegirClientMenu(TestExercici0.java:1273)
	at java.base/java.lang.reflect.Method.invoke(Method.java:580)
	at java.base/java.util.ArrayList.forEach(ArrayList.java:1597)
	at java.base/java.util.ArrayList.forEach(ArrayList.java:1597)
]]></failure>
  </testcase>
  <testcase name="testLlistarClients" classname="com.exercicis.TestExercici0" time="0.001"/>
  <testcase name="testAfegirOperacio" classname="com.exercicis.TestExercici0" time="0.0"/>
  <testcase name="testEsborrarClientMenu" classname="com.exercicis.TestExercici0" time="0.002">
    <failure message="Per l&apos;entrada &apos;client_999\n&apos; a la línia 1:&#10;&gt;&gt;&gt;&gt;&gt;&gt;&gt;&gt;&gt;&gt; Diff found &gt;&gt;&gt;&gt;&gt;&gt;&gt;&gt;&gt;&gt;&#10;Strings differ in length. Extra content in expected string at position 38&#10;&#10;&lt;&lt;&lt;&lt;&lt;&lt;&lt;&lt;&lt;&lt; Diff end &lt;&lt;&lt;&lt;&lt;&lt;&lt;&lt;&lt;&lt;&#10; ==&gt; expected: &lt;true&gt; but was: &lt;false&gt;" type="org.opentest4j.AssertionFailedError"><![CDATA[org.opentest4j.AssertionFailedError: 
Per l'entrada 'client_999\n' a la línia 1:
>>>>>>>>>> Diff found >>>>>>>>>>
Strings differ in length. Extra content in expected string at position 38

<<<<<<<<<< Diff end <<<<<<<<<<
 ==> expected: <true> but was: <false>
	at org.junit.jupiter.api.AssertionFailureBuilder.build(AssertionFailureBuilder.java:151)
	at org.junit.jupiter.api.AssertionFailureBuilder.buildAndThrow(AssertionFailureBuilder.java:132)
	at org.junit.jupiter.api.AssertTrue.failNotTrue(AssertTrue.java:63)
	at org.junit.jupiter.api.AssertTrue.assertTrue(AssertTrue.java:36)
	at org.junit.jupiter.api.Assertions.assertTrue(Assertions.java:214)
	at com.exercicis.TestExercici0.testEsborrarClientMenu(TestExercici0.java:1436)
	at java.base/java.lang.reflect.Method.invoke(Method.java:580)
	at java.base/java.util.ArrayList.forEach(ArrayList.java:1597)
	at java.base/java.util.ArrayList.forEach(ArrayList.java:1597)
]]></failure>
  </testcase>
  <testcase name="testLlegirEdat" classname="com.exercicis.TestExercici0" time="0.001"/>
  <testcase name="testGeneraClauClient" classname="com.exercicis.TestExercici0" time="0.004"/>
  <testcase name="testAlineaColumnes" classname="com.exercicis.TestExercici0" time="0.0"/>
</testsuite>