<?xml version="1.0" encoding="UTF-8"?>
<testsuite xmlns:xsi="http://www.w3.org/2001/XMLSchema-instance" xsi:noNamespaceSchemaLocation="https://maven.apache.org/surefire/maven-surefire-plugin/xsd/surefire-test-report-3.0.xsd" version="3.0" name="com.exercicis.TestExercici0" time="0.104" tests="35" errors="0" skipped="0" failures="2">
  <properties>
    <property name="java.specification.version" value="23"/>
    <property name="sun.cpu.isalist" value="amd64"/>
    <property name="sun.jnu.encoding" value="Cp1252"/>
    <property name="java.class.path" value="C:\Users\asier\OneDrive\Escritorio\M03_Python_AsierP\Deures01AsierP\Deures01AP\target\test-classes;C:\Users\asier\OneDrive\Escritorio\M03_Python_AsierP\Deures01AsierP\Deures01AP\target\classes;C:\Users\asier\.m2\repository\org\openjfx\javafx-controls\20\javafx-controls-20.jar;C:\Users\asier\.m2\repository\org\openjfx\javafx-controls\20\javafx-controls-20-win.jar;C:\Users\asier\.m2\repository\org\openjfx\javafx-fxml\20\javafx-fxml-20.jar;C:\Users\asier\.m2\repository\org\openjfx\javafx-fxml\20\javafx-fxml-20-win.jar;C:\Users\asier\.m2\repository\org\openjfx\javafx-base\20\javafx-base-20.jar;C:\Users\asier\.m2\repository\org\openjfx\javafx-base\20\javafx-base-20-win.jar;C:\Users\asier\.m2\repository\org\openjfx\javafx-graphics\20\javafx-graphics-20.jar;C:\Users\asier\.m2\repository\org\openjfx\javafx-graphics\20\javafx-graphics-20-win.jar;C:\Users\asier\.m2\repository\org\java-websocket\Java-WebSocket\1.5.3\Java-WebSocket-1.5.3.jar;C:\Users\asier\.m2\repository\org\json\json\20240303\json-20240303.jar;C:\Users\asier\.m2\repository\org\xerial\sqlite-jdbc\3.47.0.0\sqlite-jdbc-3.47.0.0.jar;C:\Users\asier\.m2\repository\org\slf4j\slf4j-api\2.0.3\slf4j-api-2.0.3.jar;C:\Users\asier\.m2\repository\org\slf4j\slf4j-simple\2.0.3\slf4j-simple-2.0.3.jar;C:\Users\asier\.m2\repository\org\jline\jline\3.21.0\jline-3.21.0.jar;C:\Users\asier\.m2\repository\org\junit\jupiter\junit-jupiter-api\5.10.2\junit-jupiter-api-5.10.2.jar;C:\Users\asier\.m2\repository\org\opentest4j\opentest4j\1.3.0\opentest4j-1.3.0.jar;C:\Users\asier\.m2\repository\org\junit\platform\junit-platform-commons\1.10.2\junit-platform-commons-1.10.2.jar;C:\Users\asier\.m2\repository\org\apiguardian\apiguardian-api\1.1.2\apiguardian-api-1.1.2.jar;C:\Users\asier\.m2\repository\org\junit\jupiter\junit-jupiter-engine\5.10.2\junit-jupiter-engine-5.10.2.jar;C:\Users\asier\.m2\repository\org\junit\platform\junit-platform-engine\1.10.2\junit-platform-engine-1.10.2.jar;C:\Users\asier\.m2\repository\com\github\stefanbirkner\system-lambda\1.2.1\system-lambda-1.2.1.jar;"/>
    <property name="java.vm.vendor" value="Oracle Corporation"/>
    <property name="sun.arch.data.model" value="64"/>
    <property name="user.variant" value=""/>
    <property name="java.vendor.url" value="https://java.oracle.com/"/>
    <property name="user.timezone" value="Europe/Madrid"/>
    <property name="os.name" value="Windows 10"/>
    <property name="java.vm.specification.version" value="23"/>
    <property name="sun.java.launcher" value="SUN_STANDARD"/>
    <property name="user.country" value="ES"/>
    <property name="sun.boot.library.path" value="C:\Program Files\Java\jdk-23\bin"/>
    <property name="sun.java.command" value="C:\Users\asier\AppData\Local\Temp\surefire11958832361556307019\surefirebooter-20250103115526952_3.jar C:\Users\asier\AppData\Local\Temp\surefire11958832361556307019 2025-01-03T11-55-26_846-jvmRun1 surefire-20250103115526952_1tmp surefire_0-20250103115526952_2tmp"/>
    <property name="jdk.debug" value="release"/>
    <property name="test" value="com.exercicis.TestExercici0"/>
    <property name="surefire.test.class.path" value="C:\Users\asier\OneDrive\Escritorio\M03_Python_AsierP\Deures01AsierP\Deures01AP\target\test-classes;C:\Users\asier\OneDrive\Escritorio\M03_Python_AsierP\Deures01AsierP\Deures01AP\target\classes;C:\Users\asier\.m2\repository\org\openjfx\javafx-controls\20\javafx-controls-20.jar;C:\Users\asier\.m2\repository\org\openjfx\javafx-controls\20\javafx-controls-20-win.jar;C:\Users\asier\.m2\repository\org\openjfx\javafx-fxml\20\javafx-fxml-20.jar;C:\Users\asier\.m2\repository\org\openjfx\javafx-fxml\20\javafx-fxml-20-win.jar;C:\Users\asier\.m2\repository\org\openjfx\javafx-base\20\javafx-base-20.jar;C:\Users\asier\.m2\repository\org\openjfx\javafx-base\20\javafx-base-20-win.jar;C:\Users\asier\.m2\repository\org\openjfx\javafx-graphics\20\javafx-graphics-20.jar;C:\Users\asier\.m2\repository\org\openjfx\javafx-graphics\20\javafx-graphics-20-win.jar;C:\Users\asier\.m2\repository\org\java-websocket\Java-WebSocket\1.5.3\Java-WebSocket-1.5.3.jar;C:\Users\asier\.m2\repository\org\json\json\20240303\json-20240303.jar;C:\Users\asier\.m2\repository\org\xerial\sqlite-jdbc\3.47.0.0\sqlite-jdbc-3.47.0.0.jar;C:\Users\asier\.m2\repository\org\slf4j\slf4j-api\2.0.3\slf4j-api-2.0.3.jar;C:\Users\asier\.m2\repository\org\slf4j\slf4j-simple\2.0.3\slf4j-simple-2.0.3.jar;C:\Users\asier\.m2\repository\org\jline\jline\3.21.0\jline-3.21.0.jar;C:\Users\asier\.m2\repository\org\junit\jupiter\junit-jupiter-api\5.10.2\junit-jupiter-api-5.10.2.jar;C:\Users\asier\.m2\repository\org\opentest4j\opentest4j\1.3.0\opentest4j-1.3.0.jar;C:\Users\asier\.m2\repository\org\junit\platform\junit-platform-commons\1.10.2\junit-platform-commons-1.10.2.jar;C:\Users\asier\.m2\repository\org\apiguardian\apiguardian-api\1.1.2\apiguardian-api-1.1.2.jar;C:\Users\asier\.m2\repository\org\junit\jupiter\junit-jupiter-engine\5.10.2\junit-jupiter-engine-5.10.2.jar;C:\Users\asier\.m2\repository\org\junit\platform\junit-platform-engine\1.10.2\junit-platform-engine-1.10.2.jar;C:\Users\asier\.m2\repository\com\github\stefanbirkner\system-lambda\1.2.1\system-lambda-1.2.1.jar;"/>
    <property name="sun.cpu.endian" value="little"/>
    <property name="user.home" value="C:\Users\asier"/>
    <property name="user.language" value="es"/>
    <property name="java.specification.vendor" value="Oracle Corporation"/>
    <property name="java.version.date" value="2024-10-15"/>
    <property name="java.home" value="C:\Program Files\Java\jdk-23"/>
    <property name="file.separator" value="\"/>
    <property name="basedir" value="C:\Users\asier\OneDrive\Escritorio\M03_Python_AsierP\Deures01AsierP\Deures01AP"/>
    <property name="java.vm.compressedOopsMode" value="Zero based"/>
    <property name="line.separator" value="&#10;"/>
    <property name="java.vm.specification.vendor" value="Oracle Corporation"/>
    <property name="java.specification.name" value="Java Platform API Specification"/>
    <property name="surefire.real.class.path" value="C:\Users\asier\AppData\Local\Temp\surefire11958832361556307019\surefirebooter-20250103115526952_3.jar"/>
    <property name="user.script" value=""/>
    <property name="sun.management.compiler" value="HotSpot 64-Bit Tiered Compilers"/>
    <property name="java.runtime.version" value="23.0.1+11-39"/>
    <property name="user.name" value="Asier"/>
    <property name="stdout.encoding" value="Cp1252"/>
    <property name="path.separator" value=";"/>
    <property name="os.version" value="10.0"/>
    <property name="java.runtime.name" value="Java(TM) SE Runtime Environment"/>
    <property name="file.encoding" value="UTF-8"/>
    <property name="java.vm.name" value="Java HotSpot(TM) 64-Bit Server VM"/>
    <property name="localRepository" value="C:\Users\asier\.m2\repository"/>
    <property name="java.vendor.url.bug" value="https://bugreport.java.com/bugreport/"/>
    <property name="java.io.tmpdir" value="C:\Users\asier\AppData\Local\Temp\"/>
    <property name="java.version" value="23.0.1"/>
    <property name="user.dir" value="C:\Users\asier\OneDrive\Escritorio\M03_Python_AsierP\Deures01AsierP\Deures01AP"/>
    <property name="os.arch" value="amd64"/>
    <property name="java.vm.specification.name" value="Java Virtual Machine Specification"/>
    <property name="sun.os.patch.level" value=""/>
    <property name="native.encoding" value="Cp1252"/>
    <property name="java.library.path" value="C:\Program Files\Java\jdk-23\bin;C:\Windows\Sun\Java\bin;C:\Windows\system32;C:\Windows;C:\Program Files\Common Files\Oracle\Java\javapath;C:\Windows\system32;C:\Windows;C:\Windows\System32\Wbem;C:\Windows\System32\WindowsPowerShell\v1.0\;C:\Windows\System32\OpenSSH\;C:\Program Files\dotnet\;C:\Program Files\NVIDIA Corporation\NVIDIA NvDLISR;C:\Program Files\AutoFirma\AutoFirma;C:\Program Files (x86)\NVIDIA Corporation\PhysX\Common;C:\Program Files\Git\cmd;C:\Program Files\MySQL\MySQL Shell 8.0\bin\;C:\Users\asier\AppData\Local\Microsoft\WindowsApps;C:\Users\asier\AppData\Local\Programs\Microsoft VS Code\bin;C:\Program Files\Oracle\VirtualBox;C:\Users\asier\AppData\Local\GitHubDesktop\bin;C:\Program Files\Maven\apache-maven-3.9.9\bin;;."/>
    <property name="java.vm.info" value="mixed mode, sharing"/>
    <property name="stderr.encoding" value="Cp1252"/>
    <property name="java.vendor" value="Oracle Corporation"/>
    <property name="java.vm.version" value="23.0.1+11-39"/>
    <property name="sun.io.unicode.encoding" value="UnicodeLittle"/>
    <property name="java.class.version" value="67.0"/>
  </properties>
  <testcase name="testValidarFactors" classname="com.exercicis.TestExercici0" time="0.024"/>
  <testcase name="testValidarData" classname="com.exercicis.TestExercici0" time="0.001"/>
  <testcase name="testValidarEdat" classname="com.exercicis.TestExercici0" time="0.003"/>
  <testcase name="testValidarPreu" classname="com.exercicis.TestExercici0" time="0.002"/>
  <testcase name="testLlegirFactors" classname="com.exercicis.TestExercici0" time="0.006"/>
  <testcase name="testModificarOperacio" classname="com.exercicis.TestExercici0" time="0.001"/>
  <testcase name="testEsborrarClient" classname="com.exercicis.TestExercici0" time="0.002"/>
  <testcase name="testModificarClient" classname="com.exercicis.TestExercici0" time="0.0"/>
  <testcase name="testLlistarOperacions" classname="com.exercicis.TestExercici0" time="0.001"/>
  <testcase name="testTaulaOperacionsClient0" classname="com.exercicis.TestExercici0" time="0.002"/>
  <testcase name="testTaulaOperacionsClient1" classname="com.exercicis.TestExercici0" time="0.001"/>
  <testcase name="testTaulaOperacionsClient2" classname="com.exercicis.TestExercici0" time="0.001"/>
  <testcase name="testValidarTipusOperacio" classname="com.exercicis.TestExercici0" time="0.001"/>
  <testcase name="testValidarNom" classname="com.exercicis.TestExercici0" time="0.001"/>
  <testcase name="testObtenirOpcio" classname="com.exercicis.TestExercici0" time="0.004">
    <system-out><![CDATA[Selecciona una opció (número o paraula clau): Selecciona una opció (número o paraula clau): Selecciona una opció (número o paraula clau): Selecciona una opció (número o paraula clau): Selecciona una opció (número o paraula clau): Selecciona una opció (número o paraula clau): Selecciona una opció (número o paraula clau): Selecciona una opció (número o paraula clau): Selecciona una opció (número o paraula clau): Selecciona una opció (número o paraula clau): Selecciona una opció (número o paraula clau): Selecciona una opció (número o paraula clau): Selecciona una opció (número o paraula clau): Selecciona una opció (número o paraula clau): ]]></system-out>
  </testcase>
  <testcase name="testGeneraClauOperacio" classname="com.exercicis.TestExercici0" time="0.005"/>
  <testcase name="testDibuixarLlista" classname="com.exercicis.TestExercici0" time="0.001"/>
  <testcase name="testValidarDescompte" classname="com.exercicis.TestExercici0" time="0.001"/>
  <testcase name="testIsAllDigits" classname="com.exercicis.TestExercici0" time="0.002"/>
  <testcase name="testLlistarClientsMenu" classname="com.exercicis.TestExercici0" time="0.0"/>
  <testcase name="testValidarClients" classname="com.exercicis.TestExercici0" time="0.0"/>
  <testcase name="testLlistarOperacionsClient" classname="com.exercicis.TestExercici0" time="0.001"/>
  <testcase name="testLlegirDescompte" classname="com.exercicis.TestExercici0" time="0.001"/>
  <testcase name="testGetCadenesMenu" classname="com.exercicis.TestExercici0" time="0.0"/>
  <testcase name="testModificarClientMenu" classname="com.exercicis.TestExercici0" time="0.002"/>
  <testcase name="testLlegirNom" classname="com.exercicis.TestExercici0" time="0.001"/>
  <testcase name="testAfegirClient" classname="com.exercicis.TestExercici0" time="0.0"/>
  <testcase name="testEsborrarOperacio" classname="com.exercicis.TestExercici0" time="0.0"/>
  <testcase name="testAfegirClientMenu" classname="com.exercicis.TestExercici0" time="0.006">
    <failure message="Per l&apos;entrada &apos;123\nMaria\n15\n25\nempresa\nrisc baix\n15\n&apos;: L&apos;última línia no comença amb el text esperat ==&gt; expected: &lt;true&gt; but was: &lt;false&gt;" type="org.opentest4j.AssertionFailedError"><![CDATA[org.opentest4j.AssertionFailedError: Per l'entrada '123\nMaria\n15\n25\nempresa\nrisc baix\n15\n': L'última línia no comença amb el text esperat ==> expected: <true> but was: <false>
	at org.junit.jupiter.api.AssertionFailureBuilder.build(AssertionFailureBuilder.java:151)
	at org.junit.jupiter.api.AssertionFailureBuilder.buildAndThrow(AssertionFailureBuilder.java:132)
	at org.junit.jupiter.api.AssertTrue.failNotTrue(AssertTrue.java:63)
	at org.junit.jupiter.api.AssertTrue.assertTrue(AssertTrue.java:36)
	at org.junit.jupiter.api.Assertions.assertTrue(Assertions.java:214)
	at com.exercicis.TestExercici0.testAfegirClientMenu(TestExercici0.java:1273)
	at java.base/java.lang.reflect.Method.invoke(Method.java:580)
	at java.base/java.util.ArrayList.forEach(ArrayList.java:1597)
	at java.base/java.util.ArrayList.forEach(ArrayList.java:1597)
]]></failure>
  </testcase>
  <testcase name="testLlistarClients" classname="com.exercicis.TestExercici0" time="0.001"/>
  <testcase name="testAfegirOperacio" classname="com.exercicis.TestExercici0" time="0.0"/>
  <testcase name="testEsborrarClientMenu" classname="com.exercicis.TestExercici0" time="0.002">
    <failure message="Per l&apos;entrada &apos;client_999\n&apos; a la línia 1:&#10;&gt;&gt;&gt;&gt;&gt;&gt;&gt;&gt;&gt;&gt; Diff found &gt;&gt;&gt;&gt;&gt;&gt;&gt;&gt;&gt;&gt;&#10;Strings differ in length. Extra content in expected string at position 38&#10;&#10;&lt;&lt;&lt;&lt;&lt;&lt;&lt;&lt;&lt;&lt; Diff end &lt;&lt;&lt;&lt;&lt;&lt;&lt;&lt;&lt;&lt;&#10; ==&gt; expected: &lt;true&gt; but was: &lt;false&gt;" type="org.opentest4j.AssertionFailedError"><![CDATA[org.opentest4j.AssertionFailedError: 
Per l'entrada 'client_999\n' a la línia 1:
>>>>>>>>>> Diff found >>>>>>>>>>
Strings differ in length. Extra content in expected string at position 38

<<<<<<<<<< Diff end <<<<<<<<<<
 ==> expected: <true> but was: <false>
	at org.junit.jupiter.api.AssertionFailureBuilder.build(AssertionFailureBuilder.java:151)
	at org.junit.jupiter.api.AssertionFailureBuilder.buildAndThrow(AssertionFailureBuilder.java:132)
	at org.junit.jupiter.api.AssertTrue.failNotTrue(AssertTrue.java:63)
	at org.junit.jupiter.api.AssertTrue.assertTrue(AssertTrue.java:36)
	at org.junit.jupiter.api.Assertions.assertTrue(Assertions.java:214)
	at com.exercicis.TestExercici0.testEsborrarClientMenu(TestExercici0.java:1436)
	at java.base/java.lang.reflect.Method.invoke(Method.java:580)
	at java.base/java.util.ArrayList.forEach(ArrayList.java:1597)
	at java.base/java.util.ArrayList.forEach(ArrayList.java:1597)
]]></failure>
  </testcase>
  <testcase name="testLlegirEdat" classname="com.exercicis.TestExercici0" time="0.001"/>
  <testcase name="testGeneraClauClient" classname="com.exercicis.TestExercici0" time="0.004"/>
  <testcase name="testAlineaColumnes" classname="com.exercicis.TestExercici0" time="0.0"/>
</testsuite>